Determining if the pthread_create exist failed with the following output:
Change Dir: /home/tihi6213/Schreibtisch/ExSciVis/cmake-build-debug/CMakeFiles/CMakeTmp

Run Build Command:"/usr/bin/make" "cmTC_24c70/fast"
/usr/bin/make -f CMakeFiles/cmTC_24c70.dir/build.make CMakeFiles/cmTC_24c70.dir/build
make[1]: Verzeichnis „/home/tihi6213/Schreibtisch/ExSciVis/cmake-build-debug/CMakeFiles/CMakeTmp“ wird betreten
Building C object CMakeFiles/cmTC_24c70.dir/CheckSymbolExists.c.o
/usr/bin/cc     -o CMakeFiles/cmTC_24c70.dir/CheckSymbolExists.c.o   -c /home/tihi6213/Schreibtisch/ExSciVis/cmake-build-debug/CMakeFiles/CMakeTmp/CheckSymbolExists.c
Linking C executable cmTC_24c70
/home/tihi6213/clion-2017.1.3/bin/cmake/bin/cmake -E cmake_link_script CMakeFiles/cmTC_24c70.dir/link.txt --verbose=1
/usr/bin/cc       CMakeFiles/cmTC_24c70.dir/CheckSymbolExists.c.o  -o cmTC_24c70 -rdynamic 
CMakeFiles/cmTC_24c70.dir/CheckSymbolExists.c.o: In function `main':
CheckSymbolExists.c:(.text+0x16): undefined reference to `pthread_create'
collect2: Fehler: ld gab 1 als Ende-Status zurück
make[1]: *** [CMakeFiles/cmTC_24c70.dir/build.make:98: cmTC_24c70] Fehler 1
make[1]: Verzeichnis „/home/tihi6213/Schreibtisch/ExSciVis/cmake-build-debug/CMakeFiles/CMakeTmp“ wird verlassen
make: *** [Makefile:126: cmTC_24c70/fast] Fehler 2

File /home/tihi6213/Schreibtisch/ExSciVis/cmake-build-debug/CMakeFiles/CMakeTmp/CheckSymbolExists.c:
/* */
#include <pthread.h>

int main(int argc, char** argv)
{
  (void)argv;
#ifndef pthread_create
  return ((int*)(&pthread_create))[argc];
#else
  (void)argc;
  return 0;
#endif
}

Determining if the function pthread_create exists in the pthreads failed with the following output:
Change Dir: /home/tihi6213/Schreibtisch/ExSciVis/cmake-build-debug/CMakeFiles/CMakeTmp

Run Build Command:"/usr/bin/make" "cmTC_c1345/fast"
/usr/bin/make -f CMakeFiles/cmTC_c1345.dir/build.make CMakeFiles/cmTC_c1345.dir/build
make[1]: Verzeichnis „/home/tihi6213/Schreibtisch/ExSciVis/cmake-build-debug/CMakeFiles/CMakeTmp“ wird betreten
Building C object CMakeFiles/cmTC_c1345.dir/CheckFunctionExists.c.o
/usr/bin/cc    -DCHECK_FUNCTION_EXISTS=pthread_create   -o CMakeFiles/cmTC_c1345.dir/CheckFunctionExists.c.o   -c /home/tihi6213/clion-2017.1.3/bin/cmake/share/cmake-3.7/Modules/CheckFunctionExists.c
Linking C executable cmTC_c1345
/home/tihi6213/clion-2017.1.3/bin/cmake/bin/cmake -E cmake_link_script CMakeFiles/cmTC_c1345.dir/link.txt --verbose=1
/usr/bin/cc   -DCHECK_FUNCTION_EXISTS=pthread_create    CMakeFiles/cmTC_c1345.dir/CheckFunctionExists.c.o  -o cmTC_c1345 -rdynamic -lpthreads 
/usr/bin/ld: cannot find -lpthreads
collect2: Fehler: ld gab 1 als Ende-Status zurück
make[1]: *** [CMakeFiles/cmTC_c1345.dir/build.make:98: cmTC_c1345] Fehler 1
make[1]: Verzeichnis „/home/tihi6213/Schreibtisch/ExSciVis/cmake-build-debug/CMakeFiles/CMakeTmp“ wird verlassen
make: *** [Makefile:126: cmTC_c1345/fast] Fehler 2


Determining if the function glXGetProcAddressEXT exists failed with the following output:
Change Dir: /home/tihi6213/Schreibtisch/ExSciVis/cmake-build-debug/CMakeFiles/CMakeTmp

Run Build Command:"/usr/bin/make" "cmTC_0ee8a/fast"
/usr/bin/make -f CMakeFiles/cmTC_0ee8a.dir/build.make CMakeFiles/cmTC_0ee8a.dir/build
make[1]: Verzeichnis „/home/tihi6213/Schreibtisch/ExSciVis/cmake-build-debug/CMakeFiles/CMakeTmp“ wird betreten
Building C object CMakeFiles/cmTC_0ee8a.dir/CheckFunctionExists.c.o
/usr/bin/cc    -DCHECK_FUNCTION_EXISTS=glXGetProcAddressEXT   -o CMakeFiles/cmTC_0ee8a.dir/CheckFunctionExists.c.o   -c /home/tihi6213/clion-2017.1.3/bin/cmake/share/cmake-3.7/Modules/CheckFunctionExists.c
Linking C executable cmTC_0ee8a
/home/tihi6213/clion-2017.1.3/bin/cmake/bin/cmake -E cmake_link_script CMakeFiles/cmTC_0ee8a.dir/link.txt --verbose=1
/usr/bin/cc   -DCHECK_FUNCTION_EXISTS=glXGetProcAddressEXT    CMakeFiles/cmTC_0ee8a.dir/CheckFunctionExists.c.o  -o cmTC_0ee8a -rdynamic /usr/lib64/libGL.so 
CMakeFiles/cmTC_0ee8a.dir/CheckFunctionExists.c.o: In function `main':
CheckFunctionExists.c:(.text+0x15): undefined reference to `glXGetProcAddressEXT'
collect2: Fehler: ld gab 1 als Ende-Status zurück
make[1]: *** [CMakeFiles/cmTC_0ee8a.dir/build.make:99: cmTC_0ee8a] Fehler 1
make[1]: Verzeichnis „/home/tihi6213/Schreibtisch/ExSciVis/cmake-build-debug/CMakeFiles/CMakeTmp“ wird verlassen
make: *** [Makefile:126: cmTC_0ee8a/fast] Fehler 2


